2024-11-07 01:09:26,684 [INFO] WebApp:189 - Connection lost
2024-11-07 07:46:01,248 [INFO] WebApp:186 - Connection restablished
2024-11-07 07:59:16,361 [INFO] MainUpdater:2873 - connection check result : 10
2024-11-07 07:59:16,559 [INFO] McuFinderGlobals:76 - Set McuFinderConnectedMode to true
2024-11-07 07:59:16,560 [INFO] MultiScanPanel:200 - Auto-refresh data requested => check proxy status ongoing
2024-11-07 07:59:16,561 [INFO] FinderPluginLoader:95 - Searching for filters in installed packs
2024-11-07 07:59:18,242 [INFO] LoadUrlFilesThread:185 - End of LoadServerUrlFiles without Thread
2024-11-07 07:59:18,242 [INFO] DetailPanel:341 - Set advertising image to /home/deep/STM32Cube/Repository//en.prom-stm32c071-usb-memories-mcu-finder.png
2024-11-07 07:59:22,808 [INFO] MultiScanPanel:200 - Auto-refresh data requested => check proxy status ongoing
2024-11-07 07:59:22,932 [INFO] LoadUrlFilesThread:185 - End of LoadServerUrlFiles without Thread
2024-11-07 07:59:22,933 [INFO] DetailPanel:341 - Set advertising image to /home/deep/STM32Cube/Repository//en.prom-stm32c071-usb-memories-mcu-finder.png
2024-11-07 07:59:51,222 [INFO] McuFinderGlobals:76 - Set McuFinderConnectedMode to true
2024-11-07 07:59:51,226 [INFO] ApiDb:448 - Save user favorites file /home/deep/.stm32cubeide/favorites.mcus.txt: 0 item(s)
2024-11-07 07:59:51,226 [INFO] ApiDb:452 - User favorites MCUs=[]
2024-11-07 07:59:51,230 [INFO] ApiDb:448 - Save user favorites file /home/deep/.stm32cubeide/favorites.boards.txt: 1 item(s)
2024-11-07 07:59:51,231 [INFO] ApiDb:452 - User favorites Boards=[NUCLEO-F401RE]
2024-11-07 08:48:20,976 [INFO] MainUpdater:2873 - connection check result : 10
2024-11-07 08:48:21,160 [INFO] McuFinderGlobals:76 - Set McuFinderConnectedMode to true
2024-11-07 08:48:21,161 [INFO] MultiScanPanel:200 - Auto-refresh data requested => check proxy status ongoing
2024-11-07 08:48:21,161 [INFO] FinderPluginLoader:95 - Searching for filters in installed packs
2024-11-07 08:48:22,472 [INFO] LoadUrlFilesThread:185 - End of LoadServerUrlFiles without Thread
2024-11-07 08:48:22,473 [INFO] DetailPanel:341 - Set advertising image to /home/deep/STM32Cube/Repository//en.prom-stm32c071-usb-memories-mcu-finder.png
2024-11-07 08:48:27,356 [INFO] MultiScanPanel:200 - Auto-refresh data requested => check proxy status ongoing
2024-11-07 08:48:27,457 [INFO] LoadUrlFilesThread:185 - End of LoadServerUrlFiles without Thread
2024-11-07 08:48:27,457 [INFO] DetailPanel:341 - Set advertising image to /home/deep/STM32Cube/Repository//en.prom-stm32c071-usb-memories-mcu-finder.png
2024-11-07 08:48:47,349 [INFO] McuFinderGlobals:76 - Set McuFinderConnectedMode to true
2024-11-07 08:48:47,353 [INFO] ApiDb:448 - Save user favorites file /home/deep/.stm32cubeide/favorites.mcus.txt: 0 item(s)
2024-11-07 08:48:47,354 [INFO] ApiDb:452 - User favorites MCUs=[]
2024-11-07 08:48:47,356 [INFO] ApiDb:448 - Save user favorites file /home/deep/.stm32cubeide/favorites.boards.txt: 1 item(s)
2024-11-07 08:48:47,356 [INFO] ApiDb:452 - User favorites Boards=[NUCLEO-F401RE]
2024-11-07 09:06:31,240 [INFO] WebApp:189 - Connection lost
2024-11-07 19:33:12,713 [INFO] WebApp:186 - Connection restablished
